{"type":"server-started","port":59952,"host":"127.0.0.1","url_host":"localhost","url":"http://localhost:59952","screen_dir":"/Users/nozaki/Desktop/CEO/TechVillage/life-village/.superpowers/brainstorm/46675-1777367817/content","state_dir":"/Users/nozaki/Desktop/CEO/TechVillage/life-village/.superpowers/brainstorm/46675-1777367817/state"}
{"type":"screen-added","file":"/Users/nozaki/Desktop/CEO/TechVillage/life-village/.superpowers/brainstorm/46675-1777367817/content/design-direction.html"}
{"type":"screen-updated","file":"/Users/nozaki/Desktop/CEO/TechVillage/life-village/.superpowers/brainstorm/46675-1777367817/content/design-direction.html"}
{"type":"screen-updated","file":"/Users/nozaki/Desktop/CEO/TechVillage/life-village/.superpowers/brainstorm/46675-1777367817/content/design-direction.html"}
{"type":"screen-updated","file":"/Users/nozaki/Desktop/CEO/TechVillage/life-village/.superpowers/brainstorm/46675-1777367817/content/design-direction.html"}
{"type":"screen-added","file":"/Users/nozaki/Desktop/CEO/TechVillage/life-village/.superpowers/brainstorm/46675-1777367817/content/hero-layout.html"}
{"type":"screen-updated","file":"/Users/nozaki/Desktop/CEO/TechVillage/life-village/.superpowers/brainstorm/46675-1777367817/content/hero-layout.html"}
{"type":"screen-updated","file":"/Users/nozaki/Desktop/CEO/TechVillage/life-village/.superpowers/brainstorm/46675-1777367817/content/hero-layout.html"}
{"type":"screen-updated","file":"/Users/nozaki/Desktop/CEO/TechVillage/life-village/.superpowers/brainstorm/46675-1777367817/content/hero-layout.html"}
{"type":"screen-added","file":"/Users/nozaki/Desktop/CEO/TechVillage/life-village/.superpowers/brainstorm/46675-1777367817/content/typography.html"}
{"type":"screen-updated","file":"/Users/nozaki/Desktop/CEO/TechVillage/life-village/.superpowers/brainstorm/46675-1777367817/content/typography.html"}
{"type":"screen-updated","file":"/Users/nozaki/Desktop/CEO/TechVillage/life-village/.superpowers/brainstorm/46675-1777367817/content/typography.html"}
{"type":"screen-updated","file":"/Users/nozaki/Desktop/CEO/TechVillage/life-village/.superpowers/brainstorm/46675-1777367817/content/typography.html"}
{"type":"screen-added","file":"/Users/nozaki/Desktop/CEO/TechVillage/life-village/.superpowers/brainstorm/46675-1777367817/content/card-style.html"}
{"type":"screen-updated","file":"/Users/nozaki/Desktop/CEO/TechVillage/life-village/.superpowers/brainstorm/46675-1777367817/content/card-style.html"}
{"type":"screen-updated","file":"/Users/nozaki/Desktop/CEO/TechVillage/life-village/.superpowers/brainstorm/46675-1777367817/content/card-style.html"}
{"type":"screen-updated","file":"/Users/nozaki/Desktop/CEO/TechVillage/life-village/.superpowers/brainstorm/46675-1777367817/content/card-style.html"}
{"type":"screen-added","file":"/Users/nozaki/Desktop/CEO/TechVillage/life-village/.superpowers/brainstorm/46675-1777367817/content/waiting-1.html"}
{"type":"screen-updated","file":"/Users/nozaki/Desktop/CEO/TechVillage/life-village/.superpowers/brainstorm/46675-1777367817/content/waiting-1.html"}
{"type":"screen-updated","file":"/Users/nozaki/Desktop/CEO/TechVillage/life-village/.superpowers/brainstorm/46675-1777367817/content/waiting-1.html"}
{"type":"screen-updated","file":"/Users/nozaki/Desktop/CEO/TechVillage/life-village/.superpowers/brainstorm/46675-1777367817/content/waiting-1.html"}
{"type":"screen-added","file":"/Users/nozaki/Desktop/CEO/TechVillage/life-village/.superpowers/brainstorm/46675-1777367817/content/lp-mockup.html"}
{"type":"screen-updated","file":"/Users/nozaki/Desktop/CEO/TechVillage/life-village/.superpowers/brainstorm/46675-1777367817/content/lp-mockup.html"}
{"type":"screen-updated","file":"/Users/nozaki/Desktop/CEO/TechVillage/life-village/.superpowers/brainstorm/46675-1777367817/content/lp-mockup.html"}
{"type":"screen-updated","file":"/Users/nozaki/Desktop/CEO/TechVillage/life-village/.superpowers/brainstorm/46675-1777367817/content/lp-mockup.html"}
{"type":"screen-added","file":"/Users/nozaki/Desktop/CEO/TechVillage/life-village/.superpowers/brainstorm/46675-1777367817/content/waiting-2.html"}
{"type":"screen-updated","file":"/Users/nozaki/Desktop/CEO/TechVillage/life-village/.superpowers/brainstorm/46675-1777367817/content/waiting-2.html"}
{"type":"screen-updated","file":"/Users/nozaki/Desktop/CEO/TechVillage/life-village/.superpowers/brainstorm/46675-1777367817/content/waiting-2.html"}
{"type":"screen-updated","file":"/Users/nozaki/Desktop/CEO/TechVillage/life-village/.superpowers/brainstorm/46675-1777367817/content/waiting-2.html"}
{"type":"screen-added","file":"/Users/nozaki/Desktop/CEO/TechVillage/life-village/.superpowers/brainstorm/46675-1777367817/content/lp-mockup-v2.html"}
{"type":"screen-updated","file":"/Users/nozaki/Desktop/CEO/TechVillage/life-village/.superpowers/brainstorm/46675-1777367817/content/lp-mockup-v2.html"}
{"type":"screen-updated","file":"/Users/nozaki/Desktop/CEO/TechVillage/life-village/.superpowers/brainstorm/46675-1777367817/content/lp-mockup-v2.html"}
{"type":"screen-updated","file":"/Users/nozaki/Desktop/CEO/TechVillage/life-village/.superpowers/brainstorm/46675-1777367817/content/lp-mockup-v2.html"}
{"type":"server-stopped","reason":"idle timeout"}
