{"type":"server-started","port":63289,"host":"127.0.0.1","url_host":"localhost","url":"http://localhost:63289","screen_dir":"/Users/nozaki/Desktop/CEO/TechVillage/life-village/.superpowers/brainstorm/65544-1777425847/content","state_dir":"/Users/nozaki/Desktop/CEO/TechVillage/life-village/.superpowers/brainstorm/65544-1777425847/state"}
{"type":"screen-added","file":"/Users/nozaki/Desktop/CEO/TechVillage/life-village/.superpowers/brainstorm/65544-1777425847/content/design-direction.html"}
{"type":"screen-updated","file":"/Users/nozaki/Desktop/CEO/TechVillage/life-village/.superpowers/brainstorm/65544-1777425847/content/design-direction.html"}
{"type":"screen-updated","file":"/Users/nozaki/Desktop/CEO/TechVillage/life-village/.superpowers/brainstorm/65544-1777425847/content/design-direction.html"}
{"type":"screen-updated","file":"/Users/nozaki/Desktop/CEO/TechVillage/life-village/.superpowers/brainstorm/65544-1777425847/content/design-direction.html"}
{"type":"screen-added","file":"/Users/nozaki/Desktop/CEO/TechVillage/life-village/.superpowers/brainstorm/65544-1777425847/content/waiting.html"}
{"type":"screen-updated","file":"/Users/nozaki/Desktop/CEO/TechVillage/life-village/.superpowers/brainstorm/65544-1777425847/content/waiting.html"}
{"type":"screen-updated","file":"/Users/nozaki/Desktop/CEO/TechVillage/life-village/.superpowers/brainstorm/65544-1777425847/content/waiting.html"}
{"type":"screen-updated","file":"/Users/nozaki/Desktop/CEO/TechVillage/life-village/.superpowers/brainstorm/65544-1777425847/content/waiting.html"}
{"type":"screen-added","file":"/Users/nozaki/Desktop/CEO/TechVillage/life-village/.superpowers/brainstorm/65544-1777425847/content/screen-flow.html"}
{"type":"screen-updated","file":"/Users/nozaki/Desktop/CEO/TechVillage/life-village/.superpowers/brainstorm/65544-1777425847/content/screen-flow.html"}
{"type":"screen-updated","file":"/Users/nozaki/Desktop/CEO/TechVillage/life-village/.superpowers/brainstorm/65544-1777425847/content/screen-flow.html"}
{"type":"screen-updated","file":"/Users/nozaki/Desktop/CEO/TechVillage/life-village/.superpowers/brainstorm/65544-1777425847/content/screen-flow.html"}
{"type":"screen-added","file":"/Users/nozaki/Desktop/CEO/TechVillage/life-village/.superpowers/brainstorm/65544-1777425847/content/result-types.html"}
{"type":"screen-updated","file":"/Users/nozaki/Desktop/CEO/TechVillage/life-village/.superpowers/brainstorm/65544-1777425847/content/result-types.html"}
{"type":"screen-updated","file":"/Users/nozaki/Desktop/CEO/TechVillage/life-village/.superpowers/brainstorm/65544-1777425847/content/result-types.html"}
{"type":"screen-updated","file":"/Users/nozaki/Desktop/CEO/TechVillage/life-village/.superpowers/brainstorm/65544-1777425847/content/result-types.html"}
{"type":"screen-added","file":"/Users/nozaki/Desktop/CEO/TechVillage/life-village/.superpowers/brainstorm/65544-1777425847/content/ui-mockup.html"}
{"type":"screen-updated","file":"/Users/nozaki/Desktop/CEO/TechVillage/life-village/.superpowers/brainstorm/65544-1777425847/content/ui-mockup.html"}
{"type":"screen-updated","file":"/Users/nozaki/Desktop/CEO/TechVillage/life-village/.superpowers/brainstorm/65544-1777425847/content/ui-mockup.html"}
{"type":"screen-updated","file":"/Users/nozaki/Desktop/CEO/TechVillage/life-village/.superpowers/brainstorm/65544-1777425847/content/ui-mockup.html"}
{"type":"server-stopped","reason":"idle timeout"}
